0 info it worked if it ends with ok
1 verbose cli [ 'f:\\program\\nodejs\\\\node.exe',
1 verbose cli   'f:\\program\\nodejs\\node_modules\\npm\\bin\\npm-cli.js',
1 verbose cli   'run',
1 verbose cli   'dev' ]
2 info using npm@2.11.3
3 info using node@v0.12.7
4 verbose run-script [ 'predev', 'dev', 'postdev' ]
5 info predev basic-property-grid@0.1.0
6 info dev basic-property-grid@0.1.0
7 verbose unsafe-perm in lifecycle true
8 info basic-property-grid@0.1.0 Failed to exec dev script
9 verbose stack Error: basic-property-grid@0.1.0 dev: `webpack-dev-server --progress --colors --port 8090`
9 verbose stack Exit status 1
9 verbose stack     at EventEmitter.<anonymous> (f:\program\nodejs\node_modules\npm\lib\utils\lifecycle.js:213:16)
9 verbose stack     at EventEmitter.emit (events.js:110:17)
9 verbose stack     at ChildProcess.<anonymous> (f:\program\nodejs\node_modules\npm\lib\utils\spawn.js:24:14)
9 verbose stack     at ChildProcess.emit (events.js:110:17)
9 verbose stack     at maybeClose (child_process.js:1015:16)
9 verbose stack     at Process.ChildProcess._handle.onexit (child_process.js:1087:5)
10 verbose pkgid basic-property-grid@0.1.0
11 verbose cwd e:\workspace\react-components
12 error Windows_NT 6.3.9600
13 error argv "f:\\program\\nodejs\\\\node.exe" "f:\\program\\nodejs\\node_modules\\npm\\bin\\npm-cli.js" "run" "dev"
14 error node v0.12.7
15 error npm  v2.11.3
16 error code ELIFECYCLE
17 error basic-property-grid@0.1.0 dev: `webpack-dev-server --progress --colors --port 8090`
17 error Exit status 1
18 error Failed at the basic-property-grid@0.1.0 dev script 'webpack-dev-server --progress --colors --port 8090'.
18 error This is most likely a problem with the basic-property-grid package,
18 error not with npm itself.
18 error Tell the author that this fails on your system:
18 error     webpack-dev-server --progress --colors --port 8090
18 error You can get their info via:
18 error     npm owner ls basic-property-grid
18 error There is likely additional logging output above.
19 verbose exit [ 1, true ]
